  t.cpp
  In file included from t.cpp:5:
  In file included from T:\Programmcode\datraw2\datraw\datraw.h:9:
  In file included from T:\Programmcode\datraw2\datraw/datraw/info.h:24:
  In file included from T:\Programmcode\datraw2\datraw\datraw/variant.h:832:
T:\Programmcode\datraw2\datraw\datraw/variant.inl(23,24): warning : use 'template' keyword to treat 'get' as a dependent template name
      retval = (v == rhs.get<type>());
                         ^
                         template 
  In file included from t.cpp:5:
  In file included from T:\Programmcode\datraw2\datraw\datraw.h:9:
T:\Programmcode\datraw2\datraw/datraw/info.h(313,46): warning : use 'template' keyword to treat 'forward_traits' as a dependent template name
          static inline typename variant_type::forward_traits<T>::value_type parse(
                                               ^
                                               template 
T:\Programmcode\datraw2\datraw/datraw/info.h(315,55): warning : use 'template' keyword to treat 'forward_traits' as a dependent template name
              return info::parse<typename variant_type::forward_traits<T>::value_type>(str);
                                                        ^
                                                        template 
  In file included from t.cpp:5:
  In file included from T:\Programmcode\datraw2\datraw\datraw.h:9:
  In file included from T:\Programmcode\datraw2\datraw/datraw/info.h:445:
T:\Programmcode\datraw2\datraw\datraw/info.inl(43,58): warning : use 'template' keyword to treat 'reverse_traits' as a dependent template name
          { info::property_object_file_name, variant_type::reverse_traits<string_type>::type },
                                                           ^
                                                           template 
T:\Programmcode\datraw2\datraw\datraw/info.inl(286,36): warning : use 'template' keyword to treat 'forward_traits' as a dependent template name
      typedef typename variant_type::forward_traits<T>::value_type value_type;
                                     ^
                                     template 
T:\Programmcode\datraw2\datraw\datraw/info.inl(464,36): warning : use 'template' keyword to treat 'forward_traits' as a dependent template name
      typedef typename variant_type::forward_traits<T>::value_type vector_type;
                                     ^
                                     template 
T:\Programmcode\datraw2\datraw\datraw/info.inl(286,66): warning : unused typedef 'value_type' [-Wunused-local-typedef]
      typedef typename variant_type::forward_traits<T>::value_type value_type;
                                                                   ^
  7 warnings generated.
  t.vcxproj -> T:\Programmcode\datraw2\Debug\t.exe
  t.vcxproj -> T:\Programmcode\datraw2\Debug\t.pdb (Full PDB)
